{
  "/Users/alekseykozlovskiy/Projects/React-2023-Q1/my-app-rss/src/components/types.ts": {
    "path": "/Users/alekseykozlovskiy/Projects/React-2023-Q1/my-app-rss/src/components/types.ts",
    "statementMap": {
      "0": {
        "start": {
          "line": 1,
          "column": 35
        },
        "end": {
          "line": 10,
          "column": 15
        }
      },
      "1": {
        "start": {
          "line": 2,
          "column": 2
        },
        "end": {
          "line": 2,
          "column": 28
        }
      },
      "2": {
        "start": {
          "line": 3,
          "column": 2
        },
        "end": {
          "line": 3,
          "column": 28
        }
      },
      "3": {
        "start": {
          "line": 4,
          "column": 2
        },
        "end": {
          "line": 4,
          "column": 28
        }
      },
      "4": {
        "start": {
          "line": 5,
          "column": 2
        },
        "end": {
          "line": 5,
          "column": 30
        }
      },
      "5": {
        "start": {
          "line": 6,
          "column": 2
        },
        "end": {
          "line": 6,
          "column": 24
        }
      },
      "6": {
        "start": {
          "line": 7,
          "column": 2
        },
        "end": {
          "line": 7,
          "column": 26
        }
      },
      "7": {
        "start": {
          "line": 8,
          "column": 2
        },
        "end": {
          "line": 8,
          "column": 30
        }
      },
      "8": {
        "start": {
          "line": 9,
          "column": 2
        },
        "end": {
          "line": 9,
          "column": 16
        }
      },
      "9": {
        "start": {
          "line": 11,
          "column": 38
        },
        "end": {
          "line": 16,
          "column": 18
        }
      },
      "10": {
        "start": {
          "line": 12,
          "column": 2
        },
        "end": {
          "line": 12,
          "column": 53
        }
      },
      "11": {
        "start": {
          "line": 13,
          "column": 2
        },
        "end": {
          "line": 13,
          "column": 55
        }
      },
      "12": {
        "start": {
          "line": 14,
          "column": 2
        },
        "end": {
          "line": 14,
          "column": 49
        }
      },
      "13": {
        "start": {
          "line": 15,
          "column": 2
        },
        "end": {
          "line": 15,
          "column": 19
        }
      },
      "14": {
        "start": {
          "line": 17,
          "column": 36
        },
        "end": {
          "line": 22,
          "column": 16
        }
      },
      "15": {
        "start": {
          "line": 18,
          "column": 2
        },
        "end": {
          "line": 18,
          "column": 24
        }
      },
      "16": {
        "start": {
          "line": 19,
          "column": 2
        },
        "end": {
          "line": 19,
          "column": 30
        }
      },
      "17": {
        "start": {
          "line": 20,
          "column": 2
        },
        "end": {
          "line": 20,
          "column": 28
        }
      },
      "18": {
        "start": {
          "line": 21,
          "column": 2
        },
        "end": {
          "line": 21,
          "column": 17
        }
      }
    },
    "fnMap": {
      "0": {
        "name": "(anonymous_0)",
        "decl": {
          "start": {
            "line": 1,
            "column": 36
          },
          "end": {
            "line": 1,
            "column": 37
          }
        },
        "loc": {
          "start": {
            "line": 1,
            "column": 48
          },
          "end": {
            "line": 10,
            "column": 1
          }
        },
        "line": 1
      },
      "1": {
        "name": "(anonymous_1)",
        "decl": {
          "start": {
            "line": 11,
            "column": 39
          },
          "end": {
            "line": 11,
            "column": 40
          }
        },
        "loc": {
          "start": {
            "line": 11,
            "column": 54
          },
          "end": {
            "line": 16,
            "column": 1
          }
        },
        "line": 11
      },
      "2": {
        "name": "(anonymous_2)",
        "decl": {
          "start": {
            "line": 17,
            "column": 37
          },
          "end": {
            "line": 17,
            "column": 38
          }
        },
        "loc": {
          "start": {
            "line": 17,
            "column": 50
          },
          "end": {
            "line": 22,
            "column": 1
          }
        },
        "line": 17
      }
    },
    "branchMap": {
      "0": {
        "loc": {
          "start": {
            "line": 10,
            "column": 3
          },
          "end": {
            "line": 10,
            "column": 14
          }
        },
        "type": "binary-expr",
        "locations": [
          {
            "start": {
              "line": 10,
              "column": 3
            },
            "end": {
              "line": 10,
              "column": 8
            }
          },
          {
            "start": {
              "line": 10,
              "column": 12
            },
            "end": {
              "line": 10,
              "column": 14
            }
          }
        ],
        "line": 10
      },
      "1": {
        "loc": {
          "start": {
            "line": 16,
            "column": 3
          },
          "end": {
            "line": 16,
            "column": 17
          }
        },
        "type": "binary-expr",
        "locations": [
          {
            "start": {
              "line": 16,
              "column": 3
            },
            "end": {
              "line": 16,
              "column": 11
            }
          },
          {
            "start": {
              "line": 16,
              "column": 15
            },
            "end": {
              "line": 16,
              "column": 17
            }
          }
        ],
        "line": 16
      },
      "2": {
        "loc": {
          "start": {
            "line": 22,
            "column": 3
          },
          "end": {
            "line": 22,
            "column": 15
          }
        },
        "type": "binary-expr",
        "locations": [
          {
            "start": {
              "line": 22,
              "column": 3
            },
            "end": {
              "line": 22,
              "column": 9
            }
          },
          {
            "start": {
              "line": 22,
              "column": 13
            },
            "end": {
              "line": 22,
              "column": 15
            }
          }
        ],
        "line": 22
      }
    },
    "s": {
      "0": 7,
      "1": 7,
      "2": 7,
      "3": 7,
      "4": 7,
      "5": 7,
      "6": 7,
      "7": 7,
      "8": 7,
      "9": 7,
      "10": 7,
      "11": 7,
      "12": 7,
      "13": 7,
      "14": 7,
      "15": 7,
      "16": 7,
      "17": 7,
      "18": 7
    },
    "f": {
      "0": 7,
      "1": 7,
      "2": 7
    },
    "b": {
      "0": [
        7,
        7
      ],
      "1": [
        7,
        7
      ],
      "2": [
        7,
        7
      ]
    },
    "inputSourceMap": {
      "version": 3,
      "sources": [
        "/Users/alekseykozlovskiy/Projects/React-2023-Q1/my-app-rss/src/components/types.ts"
      ],
      "mappings": "AA2EO,WAAK,QAAL,kBAAKA,WAAL;AACL,EAAAA,OAAA,WAAQ;AACR,EAAAA,OAAA,WAAQ;AACR,EAAAA,OAAA,WAAQ;AACR,EAAAA,OAAA,YAAS;AACT,EAAAA,OAAA,SAAM;AACN,EAAAA,OAAA,UAAO;AACP,EAAAA,OAAA,YAAS;AAPC,SAAAA;AAAA,GAAA;AAUL,WAAK,WAAL,kBAAKC,cAAL;AACL,EAAAA,UAAA,sBAAmB;AACnB,EAAAA,UAAA,wBAAqB;AACrB,EAAAA,UAAA,oBAAiB;AAHP,SAAAA;AAAA,GAAA;AAML,WAAK,SAAL,kBAAKC,YAAL;AACL,EAAAA,QAAA,UAAO;AACP,EAAAA,QAAA,WAAQ;AACR,EAAAA,QAAA,UAAO;AAHG,SAAAA;AAAA,GAAA;",
      "names": [
        "Color",
        "Category",
        "ROUTES"
      ]
    },
    "_coverageSchema": "1a1c01bbd47fc00a2c39e90264f33305004495a9",
    "hash": "12048579db5876da9fbe22e3f467da87b8e25bfb"
  },
  "/Users/alekseykozlovskiy/Projects/React-2023-Q1/my-app-rss/src/components/header/header.tsx": {
    "path": "/Users/alekseykozlovskiy/Projects/React-2023-Q1/my-app-rss/src/components/header/header.tsx",
    "statementMap": {
      "0": {
        "start": {
          "line": 5,
          "column": 0
        },
        "end": {
          "line": 15,
          "column": 1
        }
      },
      "1": {
        "start": {
          "line": 6,
          "column": 2
        },
        "end": {
          "line": 8,
          "column": 3
        }
      },
      "2": {
        "start": {
          "line": 7,
          "column": 4
        },
        "end": {
          "line": 7,
          "column": 165
        }
      },
      "3": {
        "start": {
          "line": 9,
          "column": 2
        },
        "end": {
          "line": 9,
          "column": 39
        }
      },
      "4": {
        "start": {
          "line": 10,
          "column": 2
        },
        "end": {
          "line": 10,
          "column": 39
        }
      },
      "5": {
        "start": {
          "line": 11,
          "column": 2
        },
        "end": {
          "line": 13,
          "column": 4
        }
      },
      "6": {
        "start": {
          "line": 12,
          "column": 4
        },
        "end": {
          "line": 12,
          "column": 135
        }
      },
      "7": {
        "start": {
          "line": 14,
          "column": 2
        },
        "end": {
          "line": 14,
          "column": 75
        }
      },
      "8": {
        "start": {
          "line": 16,
          "column": 9
        },
        "end": {
          "line": 16,
          "column": 23
        }
      },
      "9": {
        "start": {
          "line": 21,
          "column": 2
        },
        "end": {
          "line": 21,
          "column": 7
        }
      },
      "10": {
        "start": {
          "line": 22,
          "column": 36
        },
        "end": {
          "line": 24,
          "column": 4
        }
      },
      "11": {
        "start": {
          "line": 25,
          "column": 19
        },
        "end": {
          "line": 25,
          "column": 32
        }
      },
      "12": {
        "start": {
          "line": 26,
          "column": 2
        },
        "end": {
          "line": 48,
          "column": 17
        }
      },
      "13": {
        "start": {
          "line": 27,
          "column": 4
        },
        "end": {
          "line": 47,
          "column": 5
        }
      },
      "14": {
        "start": {
          "line": 29,
          "column": 8
        },
        "end": {
          "line": 31,
          "column": 11
        }
      },
      "15": {
        "start": {
          "line": 32,
          "column": 8
        },
        "end": {
          "line": 32,
          "column": 14
        }
      },
      "16": {
        "start": {
          "line": 34,
          "column": 8
        },
        "end": {
          "line": 36,
          "column": 11
        }
      },
      "17": {
        "start": {
          "line": 37,
          "column": 8
        },
        "end": {
          "line": 37,
          "column": 14
        }
      },
      "18": {
        "start": {
          "line": 39,
          "column": 8
        },
        "end": {
          "line": 41,
          "column": 11
        }
      },
      "19": {
        "start": {
          "line": 42,
          "column": 8
        },
        "end": {
          "line": 42,
          "column": 14
        }
      },
      "20": {
        "start": {
          "line": 44,
          "column": 8
        },
        "end": {
          "line": 46,
          "column": 11
        }
      },
      "21": {
        "start": {
          "line": 49,
          "column": 2
        },
        "end": {
          "line": 100,
          "column": 11
        }
      },
      "22": {
        "start": {
          "line": 102,
          "column": 0
        },
        "end": {
          "line": 104,
          "column": 3
        }
      },
      "23": {
        "start": {
          "line": 103,
          "column": 2
        },
        "end": {
          "line": 103,
          "column": 23
        }
      },
      "24": {
        "start": {
          "line": 105,
          "column": 0
        },
        "end": {
          "line": 105,
          "column": 12
        }
      },
      "25": {
        "start": {
          "line": 107,
          "column": 0
        },
        "end": {
          "line": 107,
          "column": 27
        }
      },
      "26": {
        "start": {
          "line": 108,
          "column": 0
        },
        "end": {
          "line": 124,
          "column": 1
        }
      },
      "27": {
        "start": {
          "line": 109,
          "column": 2
        },
        "end": {
          "line": 109,
          "column": 39
        }
      },
      "28": {
        "start": {
          "line": 110,
          "column": 2
        },
        "end": {
          "line": 110,
          "column": 39
        }
      },
      "29": {
        "start": {
          "line": 111,
          "column": 2
        },
        "end": {
          "line": 123,
          "column": 5
        }
      },
      "30": {
        "start": {
          "line": 115,
          "column": 4
        },
        "end": {
          "line": 115,
          "column": 161
        }
      },
      "31": {
        "start": {
          "line": 116,
          "column": 4
        },
        "end": {
          "line": 122,
          "column": 7
        }
      },
      "32": {
        "start": {
          "line": 117,
          "column": 6
        },
        "end": {
          "line": 118,
          "column": 15
        }
      },
      "33": {
        "start": {
          "line": 118,
          "column": 8
        },
        "end": {
          "line": 118,
          "column": 15
        }
      },
      "34": {
        "start": {
          "line": 119,
          "column": 32
        },
        "end": {
          "line": 119,
          "column": 115
        }
      },
      "35": {
        "start": {
          "line": 120,
          "column": 6
        },
        "end": {
          "line": 121,
          "column": 54
        }
      },
      "36": {
        "start": {
          "line": 121,
          "column": 8
        },
        "end": {
          "line": 121,
          "column": 54
        }
      }
    },
    "fnMap": {
      "0": {
        "name": "(anonymous_0)",
        "decl": {
          "start": {
            "line": 11,
            "column": 24
          },
          "end": {
            "line": 11,
            "column": 25
          }
        },
        "loc": {
          "start": {
            "line": 11,
            "column": 38
          },
          "end": {
            "line": 13,
            "column": 3
          }
        },
        "line": 11
      },
      "1": {
        "name": "Header",
        "decl": {
          "start": {
            "line": 20,
            "column": 16
          },
          "end": {
            "line": 20,
            "column": 22
          }
        },
        "loc": {
          "start": {
            "line": 20,
            "column": 25
          },
          "end": {
            "line": 101,
            "column": 1
          }
        },
        "line": 20
      },
      "2": {
        "name": "(anonymous_2)",
        "decl": {
          "start": {
            "line": 26,
            "column": 12
          },
          "end": {
            "line": 26,
            "column": 13
          }
        },
        "loc": {
          "start": {
            "line": 26,
            "column": 18
          },
          "end": {
            "line": 48,
            "column": 3
          }
        },
        "line": 26
      },
      "3": {
        "name": "(anonymous_3)",
        "decl": {
          "start": {
            "line": 102,
            "column": 50
          },
          "end": {
            "line": 102,
            "column": 51
          }
        },
        "loc": {
          "start": {
            "line": 102,
            "column": 61
          },
          "end": {
            "line": 104,
            "column": 1
          }
        },
        "line": 102
      },
      "4": {
        "name": "(anonymous_4)",
        "decl": {
          "start": {
            "line": 114,
            "column": 9
          },
          "end": {
            "line": 114,
            "column": 10
          }
        },
        "loc": {
          "start": {
            "line": 114,
            "column": 29
          },
          "end": {
            "line": 123,
            "column": 3
          }
        },
        "line": 114
      },
      "5": {
        "name": "(anonymous_5)",
        "decl": {
          "start": {
            "line": 116,
            "column": 27
          },
          "end": {
            "line": 116,
            "column": 28
          }
        },
        "loc": {
          "start": {
            "line": 116,
            "column": 44
          },
          "end": {
            "line": 122,
            "column": 5
          }
        },
        "line": 116
      }
    },
    "branchMap": {
      "0": {
        "loc": {
          "start": {
            "line": 5,
            "column": 0
          },
          "end": {
            "line": 15,
            "column": 1
          }
        },
        "type": "if",
        "locations": [
          {
            "start": {
              "line": 5,
              "column": 0
            },
            "end": {
              "line": 15,
              "column": 1
            }
          },
          {
            "start": {},
            "end": {}
          }
        ],
        "line": 5
      },
      "1": {
        "loc": {
          "start": {
            "line": 6,
            "column": 2
          },
          "end": {
            "line": 8,
            "column": 3
          }
        },
        "type": "if",
        "locations": [
          {
            "start": {
              "line": 6,
              "column": 2
            },
            "end": {
              "line": 8,
              "column": 3
            }
          },
          {
            "start": {},
            "end": {}
          }
        ],
        "line": 6
      },
      "2": {
        "loc": {
          "start": {
            "line": 27,
            "column": 4
          },
          "end": {
            "line": 47,
            "column": 5
          }
        },
        "type": "switch",
        "locations": [
          {
            "start": {
              "line": 28,
              "column": 6
            },
            "end": {
              "line": 32,
              "column": 14
            }
          },
          {
            "start": {
              "line": 33,
              "column": 6
            },
            "end": {
              "line": 37,
              "column": 14
            }
          },
          {
            "start": {
              "line": 38,
              "column": 6
            },
            "end": {
              "line": 42,
              "column": 14
            }
          },
          {
            "start": {
              "line": 43,
              "column": 6
            },
            "end": {
              "line": 46,
              "column": 11
            }
          }
        ],
        "line": 27
      },
      "3": {
        "loc": {
          "start": {
            "line": 108,
            "column": 0
          },
          "end": {
            "line": 124,
            "column": 1
          }
        },
        "type": "if",
        "locations": [
          {
            "start": {
              "line": 108,
              "column": 0
            },
            "end": {
              "line": 124,
              "column": 1
            }
          },
          {
            "start": {},
            "end": {}
          }
        ],
        "line": 108
      },
      "4": {
        "loc": {
          "start": {
            "line": 117,
            "column": 6
          },
          "end": {
            "line": 118,
            "column": 15
          }
        },
        "type": "if",
        "locations": [
          {
            "start": {
              "line": 117,
              "column": 6
            },
            "end": {
              "line": 118,
              "column": 15
            }
          },
          {
            "start": {},
            "end": {}
          }
        ],
        "line": 117
      },
      "5": {
        "loc": {
          "start": {
            "line": 120,
            "column": 6
          },
          "end": {
            "line": 121,
            "column": 54
          }
        },
        "type": "if",
        "locations": [
          {
            "start": {
              "line": 120,
              "column": 6
            },
            "end": {
              "line": 121,
              "column": 54
            }
          },
          {
            "start": {},
            "end": {}
          }
        ],
        "line": 120
      }
    },
    "s": {
      "0": 7,
      "1": 7,
      "2": 0,
      "3": 7,
      "4": 7,
      "5": 7,
      "6": 7,
      "7": 7,
      "8": 7,
      "9": 28,
      "10": 28,
      "11": 28,
      "12": 28,
      "13": 14,
      "14": 6,
      "15": 6,
      "16": 4,
      "17": 4,
      "18": 2,
      "19": 2,
      "20": 2,
      "21": 28,
      "22": 7,
      "23": 7,
      "24": 7,
      "25": 7,
      "26": 7,
      "27": 7,
      "28": 7,
      "29": 7,
      "30": 7,
      "31": 7,
      "32": 0,
      "33": 0,
      "34": 0,
      "35": 0,
      "36": 0
    },
    "f": {
      "0": 7,
      "1": 28,
      "2": 14,
      "3": 7,
      "4": 7,
      "5": 0
    },
    "b": {
      "0": [
        7,
        0
      ],
      "1": [
        0,
        7
      ],
      "2": [
        6,
        4,
        2,
        2
      ],
      "3": [
        7,
        0
      ],
      "4": [
        0,
        0
      ],
      "5": [
        0,
        0
      ]
    },
    "inputSourceMap": {
      "version": 3,
      "mappings": "AAoCc;;;;;;;;;;;;;;;;AApCd,SAASA,UAAUC,iBAAiB;AACpC,SAASC,SAASC,mBAAmB;AACrC,SAASC,cAAc;AAMhB,gBAASC,SAAS;AAAAC;AACvB,QAAM,CAACC,WAAWC,YAAY,IAAIR,SAAyB;AAAA,IACzDO,WAAW;AAAA,EACb,CAAC;AAED,QAAME,WAAWN,YAAW;AAC5BF,YAAU,MAAM;AACd,YAAQQ,SAASC,UAAQ;AAAA,MACvB,KAAKN,OAAOO;AACVH,qBAAa;AAAA,UAAED,WAAW;AAAA,QAAO,CAAC;AAClC;AAAA,MACF,KAAKH,OAAOQ;AACVJ,qBAAa;AAAA,UAAED,WAAW;AAAA,QAAO,CAAC;AAClC;AAAA,MACF,KAAKH,OAAOS;AACVL,qBAAa;AAAA,UAAED,WAAW;AAAA,QAAW,CAAC;AACtC;AAAA,MACF;AACEC,qBAAa;AAAA,UAAED,WAAW;AAAA,QAAG,CAAC;AAAA,IAAE;AAAA,EAEtC,GAAG,CAACE,QAAQ,CAAC;AAEb,SACE,uBAAC,YAAO,WAAU,UAChB,iCAAC,SAAI,WAAU,6BACb;AAAA,2BAAC,SAAI,WAAU,eACb,iCAAC,QAAG,WAAU,gBACZ;AAAA,6BAAC,QAAG,WAAU,gBACZ,iCAAC,WAAQ,IAAIL,OAAOO,MAAM,oBAA1B;AAAA;AAAA;AAAA;AAAA,aAA8B,KADhC;AAAA;AAAA;AAAA;AAAA,aAEA;AAAA,MACA,uBAAC,QAAG,WAAU,gBACZ,iCAAC,WAAQ,IAAIP,OAAOQ,MAAM,oBAA1B;AAAA;AAAA;AAAA;AAAA,aAA8B,KADhC;AAAA;AAAA;AAAA;AAAA,aAEA;AAAA,MACA,uBAAC,QAAG,WAAU,gBACZ,iCAAC,WAAQ,IAAIR,OAAOS,OAAO,wBAA3B;AAAA;AAAA;AAAA;AAAA,aAAmC,KADrC;AAAA;AAAA;AAAA;AAAA,aAEA;AAAA,SATF;AAAA;AAAA;AAAA;AAAA,WAUA,KAXF;AAAA;AAAA;AAAA;AAAA,WAYA;AAAA,IACA,uBAAC,SAAI,eAAY,cAAa,WAAU,iBACrCN,oBAAUA,aADb;AAAA;AAAA;AAAA;AAAA,WAEA;AAAA,OAhBF;AAAA;AAAA;AAAA;AAAA,SAiBA,KAlBF;AAAA;AAAA;AAAA;AAAA,SAmBA;AAEJ;AAEAD,GA9CgBD,QAAM;AAAA,UAKHF,WAAW;AAAA;AAAAW,KALdT;AAAM;AAAAU",
      "names": [
        "useState",
        "useEffect",
        "NavLink",
        "useLocation",
        "ROUTES",
        "Header",
        "_s",
        "pageTitle",
        "setPageTitle",
        "location",
        "pathname",
        "MAIN",
        "FORM",
        "ABOUT",
        "_c",
        "$RefreshReg$"
      ],
      "sources": [
        "/Users/alekseykozlovskiy/Projects/React-2023-Q1/my-app-rss/src/components/header/header.tsx"
      ],
      "file": "/Users/alekseykozlovskiy/Projects/React-2023-Q1/my-app-rss/src/components/header/header.tsx"
    },
    "_coverageSchema": "1a1c01bbd47fc00a2c39e90264f33305004495a9",
    "hash": "f6db10b4cd6bb35946e33d669629ef45995fd788"
  },
  "/Users/alekseykozlovskiy/Projects/React-2023-Q1/my-app-rss/src/components/footer/footer.tsx": {
    "path": "/Users/alekseykozlovskiy/Projects/React-2023-Q1/my-app-rss/src/components/footer/footer.tsx",
    "statementMap": {
      "0": {
        "start": {
          "line": 5,
          "column": 0
        },
        "end": {
          "line": 15,
          "column": 1
        }
      },
      "1": {
        "start": {
          "line": 6,
          "column": 2
        },
        "end": {
          "line": 8,
          "column": 3
        }
      },
      "2": {
        "start": {
          "line": 7,
          "column": 4
        },
        "end": {
          "line": 7,
          "column": 165
        }
      },
      "3": {
        "start": {
          "line": 9,
          "column": 2
        },
        "end": {
          "line": 9,
          "column": 39
        }
      },
      "4": {
        "start": {
          "line": 10,
          "column": 2
        },
        "end": {
          "line": 10,
          "column": 39
        }
      },
      "5": {
        "start": {
          "line": 11,
          "column": 2
        },
        "end": {
          "line": 13,
          "column": 4
        }
      },
      "6": {
        "start": {
          "line": 12,
          "column": 4
        },
        "end": {
          "line": 12,
          "column": 135
        }
      },
      "7": {
        "start": {
          "line": 14,
          "column": 2
        },
        "end": {
          "line": 14,
          "column": 75
        }
      },
      "8": {
        "start": {
          "line": 17,
          "column": 2
        },
        "end": {
          "line": 45,
          "column": 11
        }
      },
      "9": {
        "start": {
          "line": 47,
          "column": 0
        },
        "end": {
          "line": 47,
          "column": 12
        }
      },
      "10": {
        "start": {
          "line": 49,
          "column": 0
        },
        "end": {
          "line": 49,
          "column": 27
        }
      },
      "11": {
        "start": {
          "line": 50,
          "column": 0
        },
        "end": {
          "line": 66,
          "column": 1
        }
      },
      "12": {
        "start": {
          "line": 51,
          "column": 2
        },
        "end": {
          "line": 51,
          "column": 39
        }
      },
      "13": {
        "start": {
          "line": 52,
          "column": 2
        },
        "end": {
          "line": 52,
          "column": 39
        }
      },
      "14": {
        "start": {
          "line": 53,
          "column": 2
        },
        "end": {
          "line": 65,
          "column": 5
        }
      },
      "15": {
        "start": {
          "line": 57,
          "column": 4
        },
        "end": {
          "line": 57,
          "column": 161
        }
      },
      "16": {
        "start": {
          "line": 58,
          "column": 4
        },
        "end": {
          "line": 64,
          "column": 7
        }
      },
      "17": {
        "start": {
          "line": 59,
          "column": 6
        },
        "end": {
          "line": 60,
          "column": 15
        }
      },
      "18": {
        "start": {
          "line": 60,
          "column": 8
        },
        "end": {
          "line": 60,
          "column": 15
        }
      },
      "19": {
        "start": {
          "line": 61,
          "column": 32
        },
        "end": {
          "line": 61,
          "column": 115
        }
      },
      "20": {
        "start": {
          "line": 62,
          "column": 6
        },
        "end": {
          "line": 63,
          "column": 54
        }
      },
      "21": {
        "start": {
          "line": 63,
          "column": 8
        },
        "end": {
          "line": 63,
          "column": 54
        }
      }
    },
    "fnMap": {
      "0": {
        "name": "(anonymous_0)",
        "decl": {
          "start": {
            "line": 11,
            "column": 24
          },
          "end": {
            "line": 11,
            "column": 25
          }
        },
        "loc": {
          "start": {
            "line": 11,
            "column": 38
          },
          "end": {
            "line": 13,
            "column": 3
          }
        },
        "line": 11
      },
      "1": {
        "name": "Footer",
        "decl": {
          "start": {
            "line": 16,
            "column": 16
          },
          "end": {
            "line": 16,
            "column": 22
          }
        },
        "loc": {
          "start": {
            "line": 16,
            "column": 25
          },
          "end": {
            "line": 46,
            "column": 1
          }
        },
        "line": 16
      },
      "2": {
        "name": "(anonymous_2)",
        "decl": {
          "start": {
            "line": 56,
            "column": 9
          },
          "end": {
            "line": 56,
            "column": 10
          }
        },
        "loc": {
          "start": {
            "line": 56,
            "column": 29
          },
          "end": {
            "line": 65,
            "column": 3
          }
        },
        "line": 56
      },
      "3": {
        "name": "(anonymous_3)",
        "decl": {
          "start": {
            "line": 58,
            "column": 27
          },
          "end": {
            "line": 58,
            "column": 28
          }
        },
        "loc": {
          "start": {
            "line": 58,
            "column": 44
          },
          "end": {
            "line": 64,
            "column": 5
          }
        },
        "line": 58
      }
    },
    "branchMap": {
      "0": {
        "loc": {
          "start": {
            "line": 5,
            "column": 0
          },
          "end": {
            "line": 15,
            "column": 1
          }
        },
        "type": "if",
        "locations": [
          {
            "start": {
              "line": 5,
              "column": 0
            },
            "end": {
              "line": 15,
              "column": 1
            }
          },
          {
            "start": {},
            "end": {}
          }
        ],
        "line": 5
      },
      "1": {
        "loc": {
          "start": {
            "line": 6,
            "column": 2
          },
          "end": {
            "line": 8,
            "column": 3
          }
        },
        "type": "if",
        "locations": [
          {
            "start": {
              "line": 6,
              "column": 2
            },
            "end": {
              "line": 8,
              "column": 3
            }
          },
          {
            "start": {},
            "end": {}
          }
        ],
        "line": 6
      },
      "2": {
        "loc": {
          "start": {
            "line": 50,
            "column": 0
          },
          "end": {
            "line": 66,
            "column": 1
          }
        },
        "type": "if",
        "locations": [
          {
            "start": {
              "line": 50,
              "column": 0
            },
            "end": {
              "line": 66,
              "column": 1
            }
          },
          {
            "start": {},
            "end": {}
          }
        ],
        "line": 50
      },
      "3": {
        "loc": {
          "start": {
            "line": 59,
            "column": 6
          },
          "end": {
            "line": 60,
            "column": 15
          }
        },
        "type": "if",
        "locations": [
          {
            "start": {
              "line": 59,
              "column": 6
            },
            "end": {
              "line": 60,
              "column": 15
            }
          },
          {
            "start": {},
            "end": {}
          }
        ],
        "line": 59
      },
      "4": {
        "loc": {
          "start": {
            "line": 62,
            "column": 6
          },
          "end": {
            "line": 63,
            "column": 54
          }
        },
        "type": "if",
        "locations": [
          {
            "start": {
              "line": 62,
              "column": 6
            },
            "end": {
              "line": 63,
              "column": 54
            }
          },
          {
            "start": {},
            "end": {}
          }
        ],
        "line": 62
      }
    },
    "s": {
      "0": 7,
      "1": 7,
      "2": 0,
      "3": 7,
      "4": 7,
      "5": 7,
      "6": 7,
      "7": 7,
      "8": 14,
      "9": 7,
      "10": 7,
      "11": 7,
      "12": 7,
      "13": 7,
      "14": 7,
      "15": 7,
      "16": 7,
      "17": 0,
      "18": 0,
      "19": 0,
      "20": 0,
      "21": 0
    },
    "f": {
      "0": 7,
      "1": 14,
      "2": 7,
      "3": 0
    },
    "b": {
      "0": [
        7,
        0
      ],
      "1": [
        0,
        7
      ],
      "2": [
        7,
        0
      ],
      "3": [
        0,
        0
      ],
      "4": [
        0,
        0
      ]
    },
    "inputSourceMap": {
      "version": 3,
      "mappings": "AAIQ;AAJR,OAAO,oBAAkB;AAAA;AAAA;AAAA;AAAA;AAAA;AAAA;AAAA;AAAA;AAAA;AAAA;AAAA;AAAA;AAAA;AAAA;AACvB,SACE,uBAAC,YAAO,WAAU,UAChB,iCAAC,SAAI,WAAU,6BACb;AAAA,2BAAC,OACC,WAAU,eACV,MAAK,uCACL,QAAO,UACP,KAAI,cAAY,gCAJlB;AAAA;AAAA;AAAA;AAAA,WAOA;AAAA,IACA,uBAAC,OACC,WAAU,uBACV,MAAK,4BACL,QAAO,UACP,KAAI,cAEJ,iCAAC,OAAE,WAAU,wBAAb;AAAA;AAAA;AAAA;AAAA,WAAkC,KANpC;AAAA;AAAA;AAAA;AAAA,WAOA;AAAA,IACA,uBAAC,UAAK,WAAU,gBAAe,oBAA/B;AAAA;AAAA;AAAA;AAAA,WAAmC;AAAA,OAjBrC;AAAA;AAAA;AAAA;AAAA,SAkBA,KAnBF;AAAA;AAAA;AAAA;AAAA,SAoBA;AAEJ;AAACA,KAxBeC;AAAM;AAAAC",
      "names": [
        "_c",
        "Footer",
        "$RefreshReg$"
      ],
      "sources": [
        "/Users/alekseykozlovskiy/Projects/React-2023-Q1/my-app-rss/src/components/footer/footer.tsx"
      ],
      "file": "/Users/alekseykozlovskiy/Projects/React-2023-Q1/my-app-rss/src/components/footer/footer.tsx"
    },
    "_coverageSchema": "1a1c01bbd47fc00a2c39e90264f33305004495a9",
    "hash": "34f0feeb91dc90c2828d2ec2f81a694f1d50821e"
  },
  "/Users/alekseykozlovskiy/Projects/React-2023-Q1/my-app-rss/src/pages/aboutUs.tsx": {
    "path": "/Users/alekseykozlovskiy/Projects/React-2023-Q1/my-app-rss/src/pages/aboutUs.tsx",
    "statementMap": {
      "0": {
        "start": {
          "line": 5,
          "column": 0
        },
        "end": {
          "line": 15,
          "column": 1
        }
      },
      "1": {
        "start": {
          "line": 6,
          "column": 2
        },
        "end": {
          "line": 8,
          "column": 3
        }
      },
      "2": {
        "start": {
          "line": 7,
          "column": 4
        },
        "end": {
          "line": 7,
          "column": 165
        }
      },
      "3": {
        "start": {
          "line": 9,
          "column": 2
        },
        "end": {
          "line": 9,
          "column": 39
        }
      },
      "4": {
        "start": {
          "line": 10,
          "column": 2
        },
        "end": {
          "line": 10,
          "column": 39
        }
      },
      "5": {
        "start": {
          "line": 11,
          "column": 2
        },
        "end": {
          "line": 13,
          "column": 4
        }
      },
      "6": {
        "start": {
          "line": 12,
          "column": 4
        },
        "end": {
          "line": 12,
          "column": 124
        }
      },
      "7": {
        "start": {
          "line": 14,
          "column": 2
        },
        "end": {
          "line": 14,
          "column": 75
        }
      },
      "8": {
        "start": {
          "line": 17,
          "column": 2
        },
        "end": {
          "line": 32,
          "column": 11
        }
      },
      "9": {
        "start": {
          "line": 34,
          "column": 0
        },
        "end": {
          "line": 34,
          "column": 13
        }
      },
      "10": {
        "start": {
          "line": 36,
          "column": 0
        },
        "end": {
          "line": 36,
          "column": 28
        }
      },
      "11": {
        "start": {
          "line": 37,
          "column": 0
        },
        "end": {
          "line": 53,
          "column": 1
        }
      },
      "12": {
        "start": {
          "line": 38,
          "column": 2
        },
        "end": {
          "line": 38,
          "column": 39
        }
      },
      "13": {
        "start": {
          "line": 39,
          "column": 2
        },
        "end": {
          "line": 39,
          "column": 39
        }
      },
      "14": {
        "start": {
          "line": 40,
          "column": 2
        },
        "end": {
          "line": 52,
          "column": 5
        }
      },
      "15": {
        "start": {
          "line": 44,
          "column": 4
        },
        "end": {
          "line": 44,
          "column": 150
        }
      },
      "16": {
        "start": {
          "line": 45,
          "column": 4
        },
        "end": {
          "line": 51,
          "column": 7
        }
      },
      "17": {
        "start": {
          "line": 46,
          "column": 6
        },
        "end": {
          "line": 47,
          "column": 15
        }
      },
      "18": {
        "start": {
          "line": 47,
          "column": 8
        },
        "end": {
          "line": 47,
          "column": 15
        }
      },
      "19": {
        "start": {
          "line": 48,
          "column": 32
        },
        "end": {
          "line": 48,
          "column": 115
        }
      },
      "20": {
        "start": {
          "line": 49,
          "column": 6
        },
        "end": {
          "line": 50,
          "column": 54
        }
      },
      "21": {
        "start": {
          "line": 50,
          "column": 8
        },
        "end": {
          "line": 50,
          "column": 54
        }
      }
    },
    "fnMap": {
      "0": {
        "name": "(anonymous_0)",
        "decl": {
          "start": {
            "line": 11,
            "column": 24
          },
          "end": {
            "line": 11,
            "column": 25
          }
        },
        "loc": {
          "start": {
            "line": 11,
            "column": 38
          },
          "end": {
            "line": 13,
            "column": 3
          }
        },
        "line": 11
      },
      "1": {
        "name": "AboutUs",
        "decl": {
          "start": {
            "line": 16,
            "column": 16
          },
          "end": {
            "line": 16,
            "column": 23
          }
        },
        "loc": {
          "start": {
            "line": 16,
            "column": 26
          },
          "end": {
            "line": 33,
            "column": 1
          }
        },
        "line": 16
      },
      "2": {
        "name": "(anonymous_2)",
        "decl": {
          "start": {
            "line": 43,
            "column": 9
          },
          "end": {
            "line": 43,
            "column": 10
          }
        },
        "loc": {
          "start": {
            "line": 43,
            "column": 29
          },
          "end": {
            "line": 52,
            "column": 3
          }
        },
        "line": 43
      },
      "3": {
        "name": "(anonymous_3)",
        "decl": {
          "start": {
            "line": 45,
            "column": 27
          },
          "end": {
            "line": 45,
            "column": 28
          }
        },
        "loc": {
          "start": {
            "line": 45,
            "column": 44
          },
          "end": {
            "line": 51,
            "column": 5
          }
        },
        "line": 45
      }
    },
    "branchMap": {
      "0": {
        "loc": {
          "start": {
            "line": 5,
            "column": 0
          },
          "end": {
            "line": 15,
            "column": 1
          }
        },
        "type": "if",
        "locations": [
          {
            "start": {
              "line": 5,
              "column": 0
            },
            "end": {
              "line": 15,
              "column": 1
            }
          },
          {
            "start": {},
            "end": {}
          }
        ],
        "line": 5
      },
      "1": {
        "loc": {
          "start": {
            "line": 6,
            "column": 2
          },
          "end": {
            "line": 8,
            "column": 3
          }
        },
        "type": "if",
        "locations": [
          {
            "start": {
              "line": 6,
              "column": 2
            },
            "end": {
              "line": 8,
              "column": 3
            }
          },
          {
            "start": {},
            "end": {}
          }
        ],
        "line": 6
      },
      "2": {
        "loc": {
          "start": {
            "line": 37,
            "column": 0
          },
          "end": {
            "line": 53,
            "column": 1
          }
        },
        "type": "if",
        "locations": [
          {
            "start": {
              "line": 37,
              "column": 0
            },
            "end": {
              "line": 53,
              "column": 1
            }
          },
          {
            "start": {},
            "end": {}
          }
        ],
        "line": 37
      },
      "3": {
        "loc": {
          "start": {
            "line": 46,
            "column": 6
          },
          "end": {
            "line": 47,
            "column": 15
          }
        },
        "type": "if",
        "locations": [
          {
            "start": {
              "line": 46,
              "column": 6
            },
            "end": {
              "line": 47,
              "column": 15
            }
          },
          {
            "start": {},
            "end": {}
          }
        ],
        "line": 46
      },
      "4": {
        "loc": {
          "start": {
            "line": 49,
            "column": 6
          },
          "end": {
            "line": 50,
            "column": 54
          }
        },
        "type": "if",
        "locations": [
          {
            "start": {
              "line": 49,
              "column": 6
            },
            "end": {
              "line": 50,
              "column": 54
            }
          },
          {
            "start": {},
            "end": {}
          }
        ],
        "line": 49
      }
    },
    "s": {
      "0": 7,
      "1": 7,
      "2": 0,
      "3": 7,
      "4": 7,
      "5": 7,
      "6": 7,
      "7": 7,
      "8": 2,
      "9": 7,
      "10": 7,
      "11": 7,
      "12": 7,
      "13": 7,
      "14": 7,
      "15": 7,
      "16": 7,
      "17": 0,
      "18": 0,
      "19": 0,
      "20": 0,
      "21": 0
    },
    "f": {
      "0": 7,
      "1": 2,
      "2": 7,
      "3": 0
    },
    "b": {
      "0": [
        7,
        0
      ],
      "1": [
        0,
        7
      ],
      "2": [
        7,
        0
      ],
      "3": [
        0,
        0
      ],
      "4": [
        0,
        0
      ]
    },
    "inputSourceMap": {
      "version": 3,
      "mappings": "AAGM;AAHN,OAAO,oBAAmB;AAAA;AAAA;AAAA;AAAA;AAAA;AAAA;AAAA;AAAA;AAAA;AAAA;AAAA;AAAA;AAAA;AAAA;AACxB,SACE,uBAAC,SAAI,WAAU,mBACb;AAAA,2BAAC,OAAE,WAAU,qCAAmC,23BAAhD;AAAA;AAAA;AAAA;AAAA,WAWA;AAAA,IACA,uBAAC,SAAI,WAAU,0BAAf;AAAA;AAAA;AAAA;AAAA,WAAsC;AAAA,OAbxC;AAAA;AAAA;AAAA;AAAA,SAcA;AAEJ;AAACA,KAlBeC;AAAO;AAAAC",
      "names": [
        "_c",
        "AboutUs",
        "$RefreshReg$"
      ],
      "sources": [
        "/Users/alekseykozlovskiy/Projects/React-2023-Q1/my-app-rss/src/pages/aboutUs.tsx"
      ],
      "file": "/Users/alekseykozlovskiy/Projects/React-2023-Q1/my-app-rss/src/pages/aboutUs.tsx"
    },
    "_coverageSchema": "1a1c01bbd47fc00a2c39e90264f33305004495a9",
    "hash": "aadd444ddd39a7643aab75ac98b535a4e21211a9"
  },
  "/Users/alekseykozlovskiy/Projects/React-2023-Q1/my-app-rss/src/components/reducers/imagesSlice.tsx": {
    "path": "/Users/alekseykozlovskiy/Projects/React-2023-Q1/my-app-rss/src/components/reducers/imagesSlice.tsx",
    "statementMap": {
      "0": {
        "start": {
          "line": 2,
          "column": 21
        },
        "end": {
          "line": 2,
          "column": 23
        }
      },
      "1": {
        "start": {
          "line": 3,
          "column": 20
        },
        "end": {
          "line": 14,
          "column": 2
        }
      },
      "2": {
        "start": {
          "line": 8,
          "column": 6
        },
        "end": {
          "line": 8,
          "column": 43
        }
      },
      "3": {
        "start": {
          "line": 11,
          "column": 6
        },
        "end": {
          "line": 11,
          "column": 26
        }
      },
      "4": {
        "start": {
          "line": 18,
          "column": 4
        },
        "end": {
          "line": 18,
          "column": 23
        }
      }
    },
    "fnMap": {
      "0": {
        "name": "(anonymous_0)",
        "decl": {
          "start": {
            "line": 7,
            "column": 4
          },
          "end": {
            "line": 7,
            "column": 5
          }
        },
        "loc": {
          "start": {
            "line": 7,
            "column": 33
          },
          "end": {
            "line": 9,
            "column": 5
          }
        },
        "line": 7
      },
      "1": {
        "name": "(anonymous_1)",
        "decl": {
          "start": {
            "line": 10,
            "column": 4
          },
          "end": {
            "line": 10,
            "column": 5
          }
        },
        "loc": {
          "start": {
            "line": 10,
            "column": 22
          },
          "end": {
            "line": 12,
            "column": 5
          }
        },
        "line": 10
      }
    },
    "branchMap": {},
    "s": {
      "0": 7,
      "1": 7,
      "2": 11,
      "3": 11,
      "4": 7
    },
    "f": {
      "0": 11,
      "1": 11
    },
    "b": {},
    "inputSourceMap": {
      "version": 3,
      "mappings": "AAAA,SAASA,mBAAkC;AAG3C,MAAMC,eAA8B;AAEpC,MAAMC,cAAcF,YAAY;AAAA,EAC9BG,MAAM;AAAA,EACNF;AAAAA,EACAG,UAAU;AAAA,IACRC,cAAcC,OAAOC,QAAsC;AACzD,aAAO,CAAC,GAAGD,OAAO,GAAGC,OAAOC,OAAO;AAAA,IACrC;AAAA,IACAC,kBAAkB;AAChB,aAAOR;AAAAA,IACT;AAAA,EACF;AACF,CAAC;AAEM,aAAM;AAAA,EAAEI;AAAAA,EAAeI;AAAgB,IAAIP,YAAYQ;AAC9D,eAAeR,YAAYS",
      "names": [
        "createSlice",
        "initialState",
        "imagesSlice",
        "name",
        "reducers",
        "setImagesData",
        "state",
        "action",
        "payload",
        "clearImagesData",
        "actions",
        "reducer"
      ],
      "sources": [
        "/Users/alekseykozlovskiy/Projects/React-2023-Q1/my-app-rss/src/components/reducers/imagesSlice.tsx"
      ],
      "file": "/Users/alekseykozlovskiy/Projects/React-2023-Q1/my-app-rss/src/components/reducers/imagesSlice.tsx"
    },
    "_coverageSchema": "1a1c01bbd47fc00a2c39e90264f33305004495a9",
    "hash": "83649c029cb84192a0ff1eab983b369a223ca53a"
  },
  "/Users/alekseykozlovskiy/Projects/React-2023-Q1/my-app-rss/src/components/reducers/searchSlice.tsx": {
    "path": "/Users/alekseykozlovskiy/Projects/React-2023-Q1/my-app-rss/src/components/reducers/searchSlice.tsx",
    "statementMap": {
      "0": {
        "start": {
          "line": 2,
          "column": 21
        },
        "end": {
          "line": 4,
          "column": 1
        }
      },
      "1": {
        "start": {
          "line": 5,
          "column": 20
        },
        "end": {
          "line": 16,
          "column": 2
        }
      },
      "2": {
        "start": {
          "line": 10,
          "column": 6
        },
        "end": {
          "line": 10,
          "column": 41
        }
      },
      "3": {
        "start": {
          "line": 13,
          "column": 6
        },
        "end": {
          "line": 13,
          "column": 26
        }
      },
      "4": {
        "start": {
          "line": 20,
          "column": 4
        },
        "end": {
          "line": 20,
          "column": 23
        }
      }
    },
    "fnMap": {
      "0": {
        "name": "(anonymous_0)",
        "decl": {
          "start": {
            "line": 9,
            "column": 4
          },
          "end": {
            "line": 9,
            "column": 5
          }
        },
        "loc": {
          "start": {
            "line": 9,
            "column": 33
          },
          "end": {
            "line": 11,
            "column": 5
          }
        },
        "line": 9
      },
      "1": {
        "name": "(anonymous_1)",
        "decl": {
          "start": {
            "line": 12,
            "column": 4
          },
          "end": {
            "line": 12,
            "column": 5
          }
        },
        "loc": {
          "start": {
            "line": 12,
            "column": 22
          },
          "end": {
            "line": 14,
            "column": 5
          }
        },
        "line": 12
      }
    },
    "branchMap": {},
    "s": {
      "0": 7,
      "1": 7,
      "2": 2,
      "3": 2,
      "4": 7
    },
    "f": {
      "0": 2,
      "1": 2
    },
    "b": {},
    "inputSourceMap": {
      "version": 3,
      "mappings": "AAAA,SAASA,mBAAkC;AAM3C,MAAMC,eAA4B;AAAA,EAChCC,aAAa;AACf;AAEA,MAAMC,cAAcH,YAAY;AAAA,EAC9BI,MAAM;AAAA,EACNH;AAAAA,EACAI,UAAU;AAAA,IACRC,cAAcC,OAAOC,QAA+B;AAClDD,YAAML,cAAcM,OAAOC;AAAAA,IAC7B;AAAA,IACAC,kBAAkB;AAChB,aAAOT;AAAAA,IACT;AAAA,EACF;AACF,CAAC;AAEM,aAAM;AAAA,EAAEK;AAAAA,EAAeI;AAAgB,IAAIP,YAAYQ;AAC9D,eAAeR,YAAYS",
      "names": [
        "createSlice",
        "initialState",
        "searchValue",
        "searchSlice",
        "name",
        "reducers",
        "setSearchData",
        "state",
        "action",
        "payload",
        "clearSearchData",
        "actions",
        "reducer"
      ],
      "sources": [
        "/Users/alekseykozlovskiy/Projects/React-2023-Q1/my-app-rss/src/components/reducers/searchSlice.tsx"
      ],
      "file": "/Users/alekseykozlovskiy/Projects/React-2023-Q1/my-app-rss/src/components/reducers/searchSlice.tsx"
    },
    "_coverageSchema": "1a1c01bbd47fc00a2c39e90264f33305004495a9",
    "hash": "894f45ffde947acb0be0652d4bf030c22902e3f2"
  },
  "/Users/alekseykozlovskiy/Projects/React-2023-Q1/my-app-rss/src/components/api/cardsApi.tsx": {
    "path": "/Users/alekseykozlovskiy/Projects/React-2023-Q1/my-app-rss/src/components/api/cardsApi.tsx",
    "statementMap": {
      "0": {
        "start": {
          "line": 2,
          "column": 23
        },
        "end": {
          "line": 2,
          "column": 49
        }
      },
      "1": {
        "start": {
          "line": 3,
          "column": 27
        },
        "end": {
          "line": 38,
          "column": 2
        }
      },
      "2": {
        "start": {
          "line": 8,
          "column": 27
        },
        "end": {
          "line": 37,
          "column": 3
        }
      },
      "3": {
        "start": {
          "line": 10,
          "column": 19
        },
        "end": {
          "line": 10,
          "column": 75
        }
      },
      "4": {
        "start": {
          "line": 13,
          "column": 25
        },
        "end": {
          "line": 21,
          "column": 7
        }
      },
      "5": {
        "start": {
          "line": 16,
          "column": 10
        },
        "end": {
          "line": 18,
          "column": 11
        }
      },
      "6": {
        "start": {
          "line": 17,
          "column": 12
        },
        "end": {
          "line": 17,
          "column": 62
        }
      },
      "7": {
        "start": {
          "line": 19,
          "column": 10
        },
        "end": {
          "line": 19,
          "column": 22
        }
      },
      "8": {
        "start": {
          "line": 23,
          "column": 8
        },
        "end": {
          "line": 23,
          "column": 36
        }
      },
      "9": {
        "start": {
          "line": 27,
          "column": 22
        },
        "end": {
          "line": 35,
          "column": 7
        }
      },
      "10": {
        "start": {
          "line": 30,
          "column": 10
        },
        "end": {
          "line": 32,
          "column": 11
        }
      },
      "11": {
        "start": {
          "line": 31,
          "column": 12
        },
        "end": {
          "line": 31,
          "column": 62
        }
      },
      "12": {
        "start": {
          "line": 33,
          "column": 10
        },
        "end": {
          "line": 33,
          "column": 22
        }
      },
      "13": {
        "start": {
          "line": 43,
          "column": 4
        },
        "end": {
          "line": 43,
          "column": 15
        }
      }
    },
    "fnMap": {
      "0": {
        "name": "(anonymous_0)",
        "decl": {
          "start": {
            "line": 8,
            "column": 13
          },
          "end": {
            "line": 8,
            "column": 14
          }
        },
        "loc": {
          "start": {
            "line": 8,
            "column": 27
          },
          "end": {
            "line": 37,
            "column": 3
          }
        },
        "line": 8
      },
      "1": {
        "name": "(anonymous_1)",
        "decl": {
          "start": {
            "line": 10,
            "column": 13
          },
          "end": {
            "line": 10,
            "column": 14
          }
        },
        "loc": {
          "start": {
            "line": 10,
            "column": 19
          },
          "end": {
            "line": 10,
            "column": 75
          }
        },
        "line": 10
      },
      "2": {
        "name": "(anonymous_2)",
        "decl": {
          "start": {
            "line": 13,
            "column": 13
          },
          "end": {
            "line": 13,
            "column": 14
          }
        },
        "loc": {
          "start": {
            "line": 13,
            "column": 25
          },
          "end": {
            "line": 21,
            "column": 7
          }
        },
        "line": 13
      },
      "3": {
        "name": "(anonymous_3)",
        "decl": {
          "start": {
            "line": 15,
            "column": 24
          },
          "end": {
            "line": 15,
            "column": 25
          }
        },
        "loc": {
          "start": {
            "line": 15,
            "column": 38
          },
          "end": {
            "line": 20,
            "column": 9
          }
        },
        "line": 15
      },
      "4": {
        "name": "(anonymous_4)",
        "decl": {
          "start": {
            "line": 22,
            "column": 25
          },
          "end": {
            "line": 22,
            "column": 26
          }
        },
        "loc": {
          "start": {
            "line": 22,
            "column": 43
          },
          "end": {
            "line": 24,
            "column": 7
          }
        },
        "line": 22
      },
      "5": {
        "name": "(anonymous_5)",
        "decl": {
          "start": {
            "line": 27,
            "column": 13
          },
          "end": {
            "line": 27,
            "column": 14
          }
        },
        "loc": {
          "start": {
            "line": 27,
            "column": 22
          },
          "end": {
            "line": 35,
            "column": 7
          }
        },
        "line": 27
      },
      "6": {
        "name": "(anonymous_6)",
        "decl": {
          "start": {
            "line": 29,
            "column": 24
          },
          "end": {
            "line": 29,
            "column": 25
          }
        },
        "loc": {
          "start": {
            "line": 29,
            "column": 38
          },
          "end": {
            "line": 34,
            "column": 9
          }
        },
        "line": 29
      }
    },
    "branchMap": {
      "0": {
        "loc": {
          "start": {
            "line": 16,
            "column": 10
          },
          "end": {
            "line": 18,
            "column": 11
          }
        },
        "type": "if",
        "locations": [
          {
            "start": {
              "line": 16,
              "column": 10
            },
            "end": {
              "line": 18,
              "column": 11
            }
          },
          {
            "start": {},
            "end": {}
          }
        ],
        "line": 16
      },
      "1": {
        "loc": {
          "start": {
            "line": 30,
            "column": 10
          },
          "end": {
            "line": 32,
            "column": 11
          }
        },
        "type": "if",
        "locations": [
          {
            "start": {
              "line": 30,
              "column": 10
            },
            "end": {
              "line": 32,
              "column": 11
            }
          },
          {
            "start": {},
            "end": {}
          }
        ],
        "line": 30
      }
    },
    "s": {
      "0": 7,
      "1": 7,
      "2": 7,
      "3": 3,
      "4": 5,
      "5": 5,
      "6": 0,
      "7": 5,
      "8": 5,
      "9": 4,
      "10": 4,
      "11": 0,
      "12": 4,
      "13": 7
    },
    "f": {
      "0": 7,
      "1": 3,
      "2": 5,
      "3": 5,
      "4": 5,
      "5": 4,
      "6": 4
    },
    "b": {
      "0": [
        0,
        5
      ],
      "1": [
        0,
        4
      ]
    },
    "inputSourceMap": {
      "version": 3,
      "mappings": "AACA,SAASA,WAAWC,sBAAsB;AAMnC,aAAMC,UAAU;AAEhB,aAAMC,cAAcH,UAAU;AAAA,EACnCI,aAAa;AAAA,EACbC,WAAWJ,eAAe;AAAA,IAAEC,SAAU,GAAEA;AAAAA,EAAU,CAAC;AAAA,EACnDI,WAAYC,cAAa;AAAA,IACvBC,eAAeD,QAAQE,MAA2B;AAAA,MAChDA,OAAOA,MAAO,uBAAsBC,YAAYC,IAAIC;AAAAA,IACtD,CAAC;AAAA,IACDC,gBAAgBN,QAAQE,MAA6B;AAAA,MACnDA,OAAOA,CAACK,WAAmB;AAAA,QACzBC,KAAM,+BAA8BD,mBAAmBJ,YAAYC,IAAIC;AAAAA,QACvEI,gBAAgBA,CAACC,aAAuB;AACtC,cAAIA,SAASC,UAAU,KAAK;AAC1BC,oBAAQC,MAAM,kCAAkC;AAAA,UAClD;AACA,iBAAO;AAAA,QACT;AAAA,MACF;AAAA,MACAC,mBAAmBA,CAACC,iBAAiD;AACnE,eAAOA,aAAaC;AAAAA,MACtB;AAAA,IACF,CAAC;AAAA,IACDC,SAASjB,QAAQE,MAAyB;AAAA,MACxCA,OAAOA,CAACgB,QAAiB;AAAA,QACvBV,KAAM,WAAUU,kBAAkBf,YAAYC,IAAIC;AAAAA,QAClDI,gBAAgBA,CAACC,aAAuB;AACtC,cAAIA,SAASC,UAAU,KAAK;AAC1BC,oBAAQC,MAAM,kCAAkC;AAAA,UAClD;AACA,iBAAO;AAAA,QACT;AAAA,MACF;AAAA,IACF,CAAC;AAAA,EACH;AACF,CAAC;AAEM,aAAM;AAAA,EAAEM;AAAAA,EAAwBC;AAAAA,EAAuBC;AAAgB,IAAIzB",
      "names": [
        "createApi",
        "fetchBaseQuery",
        "baseUrl",
        "unsplashApi",
        "reducerPath",
        "baseQuery",
        "endpoints",
        "builder",
        "getStockCards",
        "query",
        "import",
        "env",
        "VITE_ACCESS_KEY",
        "getSearchCards",
        "param",
        "url",
        "validateStatus",
        "response",
        "status",
        "console",
        "error",
        "transformResponse",
        "responseData",
        "results",
        "getCard",
        "id",
        "useGetSearchCardsQuery",
        "useGetStockCardsQuery",
        "useGetCardQuery"
      ],
      "sources": [
        "/Users/alekseykozlovskiy/Projects/React-2023-Q1/my-app-rss/src/components/api/cardsApi.tsx"
      ],
      "file": "/Users/alekseykozlovskiy/Projects/React-2023-Q1/my-app-rss/src/components/api/cardsApi.tsx"
    },
    "_coverageSchema": "1a1c01bbd47fc00a2c39e90264f33305004495a9",
    "hash": "0d513bf1d39b3f56f5d39454da665a938adf7a35"
  },
  "/Users/alekseykozlovskiy/Projects/React-2023-Q1/my-app-rss/src/components/searchInput/searchInput.tsx": {
    "path": "/Users/alekseykozlovskiy/Projects/React-2023-Q1/my-app-rss/src/components/searchInput/searchInput.tsx",
    "statementMap": {
      "0": {
        "start": {
          "line": 5,
          "column": 0
        },
        "end": {
          "line": 15,
          "column": 1
        }
      },
      "1": {
        "start": {
          "line": 6,
          "column": 2
        },
        "end": {
          "line": 8,
          "column": 3
        }
      },
      "2": {
        "start": {
          "line": 7,
          "column": 4
        },
        "end": {
          "line": 7,
          "column": 165
        }
      },
      "3": {
        "start": {
          "line": 9,
          "column": 2
        },
        "end": {
          "line": 9,
          "column": 39
        }
      },
      "4": {
        "start": {
          "line": 10,
          "column": 2
        },
        "end": {
          "line": 10,
          "column": 39
        }
      },
      "5": {
        "start": {
          "line": 11,
          "column": 2
        },
        "end": {
          "line": 13,
          "column": 4
        }
      },
      "6": {
        "start": {
          "line": 12,
          "column": 4
        },
        "end": {
          "line": 12,
          "column": 145
        }
      },
      "7": {
        "start": {
          "line": 14,
          "column": 2
        },
        "end": {
          "line": 14,
          "column": 75
        }
      },
      "8": {
        "start": {
          "line": 16,
          "column": 9
        },
        "end": {
          "line": 16,
          "column": 23
        }
      },
      "9": {
        "start": {
          "line": 24,
          "column": 2
        },
        "end": {
          "line": 24,
          "column": 7
        }
      },
      "10": {
        "start": {
          "line": 25,
          "column": 38
        },
        "end": {
          "line": 25,
          "column": 50
        }
      },
      "11": {
        "start": {
          "line": 26,
          "column": 19
        },
        "end": {
          "line": 26,
          "column": 32
        }
      },
      "12": {
        "start": {
          "line": 27,
          "column": 29
        },
        "end": {
          "line": 27,
          "column": 77
        }
      },
      "13": {
        "start": {
          "line": 27,
          "column": 52
        },
        "end": {
          "line": 27,
          "column": 76
        }
      },
      "14": {
        "start": {
          "line": 28,
          "column": 2
        },
        "end": {
          "line": 32,
          "column": 27
        }
      },
      "15": {
        "start": {
          "line": 29,
          "column": 4
        },
        "end": {
          "line": 31,
          "column": 5
        }
      },
      "16": {
        "start": {
          "line": 30,
          "column": 6
        },
        "end": {
          "line": 30,
          "column": 40
        }
      },
      "17": {
        "start": {
          "line": 35,
          "column": 6
        },
        "end": {
          "line": 35,
          "column": 48
        }
      },
      "18": {
        "start": {
          "line": 38,
          "column": 6
        },
        "end": {
          "line": 38,
          "column": 29
        }
      },
      "19": {
        "start": {
          "line": 40,
          "column": 4
        },
        "end": {
          "line": 40,
          "column": 40
        }
      },
      "20": {
        "start": {
          "line": 41,
          "column": 4
        },
        "end": {
          "line": 41,
          "column": 32
        }
      },
      "21": {
        "start": {
          "line": 42,
          "column": 4
        },
        "end": {
          "line": 42,
          "column": 44
        }
      },
      "22": {
        "start": {
          "line": 44,
          "column": 28
        },
        "end": {
          "line": 48,
          "column": 3
        }
      },
      "23": {
        "start": {
          "line": 45,
          "column": 4
        },
        "end": {
          "line": 47,
          "column": 5
        }
      },
      "24": {
        "start": {
          "line": 46,
          "column": 6
        },
        "end": {
          "line": 46,
          "column": 15
        }
      },
      "25": {
        "start": {
          "line": 49,
          "column": 29
        },
        "end": {
          "line": 51,
          "column": 3
        }
      },
      "26": {
        "start": {
          "line": 50,
          "column": 4
        },
        "end": {
          "line": 50,
          "column": 13
        }
      },
      "27": {
        "start": {
          "line": 53,
          "column": 4
        },
        "end": {
          "line": 53,
          "column": 22
        }
      },
      "28": {
        "start": {
          "line": 54,
          "column": 4
        },
        "end": {
          "line": 54,
          "column": 32
        }
      },
      "29": {
        "start": {
          "line": 55,
          "column": 4
        },
        "end": {
          "line": 55,
          "column": 32
        }
      },
      "30": {
        "start": {
          "line": 56,
          "column": 4
        },
        "end": {
          "line": 56,
          "column": 43
        }
      },
      "31": {
        "start": {
          "line": 58,
          "column": 2
        },
        "end": {
          "line": 78,
          "column": 11
        }
      },
      "32": {
        "start": {
          "line": 59,
          "column": 159
        },
        "end": {
          "line": 59,
          "column": 188
        }
      },
      "33": {
        "start": {
          "line": 80,
          "column": 0
        },
        "end": {
          "line": 82,
          "column": 3
        }
      },
      "34": {
        "start": {
          "line": 81,
          "column": 2
        },
        "end": {
          "line": 81,
          "column": 83
        }
      },
      "35": {
        "start": {
          "line": 83,
          "column": 0
        },
        "end": {
          "line": 83,
          "column": 17
        }
      },
      "36": {
        "start": {
          "line": 85,
          "column": 0
        },
        "end": {
          "line": 85,
          "column": 32
        }
      },
      "37": {
        "start": {
          "line": 86,
          "column": 0
        },
        "end": {
          "line": 102,
          "column": 1
        }
      },
      "38": {
        "start": {
          "line": 87,
          "column": 2
        },
        "end": {
          "line": 87,
          "column": 39
        }
      },
      "39": {
        "start": {
          "line": 88,
          "column": 2
        },
        "end": {
          "line": 88,
          "column": 39
        }
      },
      "40": {
        "start": {
          "line": 89,
          "column": 2
        },
        "end": {
          "line": 101,
          "column": 5
        }
      },
      "41": {
        "start": {
          "line": 93,
          "column": 4
        },
        "end": {
          "line": 93,
          "column": 171
        }
      },
      "42": {
        "start": {
          "line": 94,
          "column": 4
        },
        "end": {
          "line": 100,
          "column": 7
        }
      },
      "43": {
        "start": {
          "line": 95,
          "column": 6
        },
        "end": {
          "line": 96,
          "column": 15
        }
      },
      "44": {
        "start": {
          "line": 96,
          "column": 8
        },
        "end": {
          "line": 96,
          "column": 15
        }
      },
      "45": {
        "start": {
          "line": 97,
          "column": 32
        },
        "end": {
          "line": 97,
          "column": 115
        }
      },
      "46": {
        "start": {
          "line": 98,
          "column": 6
        },
        "end": {
          "line": 99,
          "column": 54
        }
      },
      "47": {
        "start": {
          "line": 99,
          "column": 8
        },
        "end": {
          "line": 99,
          "column": 54
        }
      }
    },
    "fnMap": {
      "0": {
        "name": "(anonymous_0)",
        "decl": {
          "start": {
            "line": 11,
            "column": 24
          },
          "end": {
            "line": 11,
            "column": 25
          }
        },
        "loc": {
          "start": {
            "line": 11,
            "column": 38
          },
          "end": {
            "line": 13,
            "column": 3
          }
        },
        "line": 11
      },
      "1": {
        "name": "SearchInput",
        "decl": {
          "start": {
            "line": 23,
            "column": 16
          },
          "end": {
            "line": 23,
            "column": 27
          }
        },
        "loc": {
          "start": {
            "line": 23,
            "column": 30
          },
          "end": {
            "line": 79,
            "column": 1
          }
        },
        "line": 23
      },
      "2": {
        "name": "(anonymous_2)",
        "decl": {
          "start": {
            "line": 27,
            "column": 41
          },
          "end": {
            "line": 27,
            "column": 42
          }
        },
        "loc": {
          "start": {
            "line": 27,
            "column": 52
          },
          "end": {
            "line": 27,
            "column": 76
          }
        },
        "line": 27
      },
      "3": {
        "name": "(anonymous_3)",
        "decl": {
          "start": {
            "line": 28,
            "column": 12
          },
          "end": {
            "line": 28,
            "column": 13
          }
        },
        "loc": {
          "start": {
            "line": 28,
            "column": 18
          },
          "end": {
            "line": 32,
            "column": 3
          }
        },
        "line": 28
      },
      "4": {
        "name": "search",
        "decl": {
          "start": {
            "line": 39,
            "column": 17
          },
          "end": {
            "line": 39,
            "column": 23
          }
        },
        "loc": {
          "start": {
            "line": 39,
            "column": 26
          },
          "end": {
            "line": 43,
            "column": 3
          }
        },
        "line": 39
      },
      "5": {
        "name": "(anonymous_5)",
        "decl": {
          "start": {
            "line": 44,
            "column": 28
          },
          "end": {
            "line": 44,
            "column": 29
          }
        },
        "loc": {
          "start": {
            "line": 44,
            "column": 35
          },
          "end": {
            "line": 48,
            "column": 3
          }
        },
        "line": 44
      },
      "6": {
        "name": "(anonymous_6)",
        "decl": {
          "start": {
            "line": 49,
            "column": 29
          },
          "end": {
            "line": 49,
            "column": 30
          }
        },
        "loc": {
          "start": {
            "line": 49,
            "column": 35
          },
          "end": {
            "line": 51,
            "column": 3
          }
        },
        "line": 49
      },
      "7": {
        "name": "handleClearInput",
        "decl": {
          "start": {
            "line": 52,
            "column": 17
          },
          "end": {
            "line": 52,
            "column": 33
          }
        },
        "loc": {
          "start": {
            "line": 52,
            "column": 36
          },
          "end": {
            "line": 57,
            "column": 3
          }
        },
        "line": 52
      },
      "8": {
        "name": "(anonymous_8)",
        "decl": {
          "start": {
            "line": 59,
            "column": 152
          },
          "end": {
            "line": 59,
            "column": 153
          }
        },
        "loc": {
          "start": {
            "line": 59,
            "column": 159
          },
          "end": {
            "line": 59,
            "column": 188
          }
        },
        "line": 59
      },
      "9": {
        "name": "(anonymous_9)",
        "decl": {
          "start": {
            "line": 80,
            "column": 55
          },
          "end": {
            "line": 80,
            "column": 56
          }
        },
        "loc": {
          "start": {
            "line": 80,
            "column": 66
          },
          "end": {
            "line": 82,
            "column": 1
          }
        },
        "line": 80
      },
      "10": {
        "name": "(anonymous_10)",
        "decl": {
          "start": {
            "line": 92,
            "column": 9
          },
          "end": {
            "line": 92,
            "column": 10
          }
        },
        "loc": {
          "start": {
            "line": 92,
            "column": 29
          },
          "end": {
            "line": 101,
            "column": 3
          }
        },
        "line": 92
      },
      "11": {
        "name": "(anonymous_11)",
        "decl": {
          "start": {
            "line": 94,
            "column": 27
          },
          "end": {
            "line": 94,
            "column": 28
          }
        },
        "loc": {
          "start": {
            "line": 94,
            "column": 44
          },
          "end": {
            "line": 100,
            "column": 5
          }
        },
        "line": 94
      }
    },
    "branchMap": {
      "0": {
        "loc": {
          "start": {
            "line": 5,
            "column": 0
          },
          "end": {
            "line": 15,
            "column": 1
          }
        },
        "type": "if",
        "locations": [
          {
            "start": {
              "line": 5,
              "column": 0
            },
            "end": {
              "line": 15,
              "column": 1
            }
          },
          {
            "start": {},
            "end": {}
          }
        ],
        "line": 5
      },
      "1": {
        "loc": {
          "start": {
            "line": 6,
            "column": 2
          },
          "end": {
            "line": 8,
            "column": 3
          }
        },
        "type": "if",
        "locations": [
          {
            "start": {
              "line": 6,
              "column": 2
            },
            "end": {
              "line": 8,
              "column": 3
            }
          },
          {
            "start": {},
            "end": {}
          }
        ],
        "line": 6
      },
      "2": {
        "loc": {
          "start": {
            "line": 29,
            "column": 4
          },
          "end": {
            "line": 31,
            "column": 5
          }
        },
        "type": "if",
        "locations": [
          {
            "start": {
              "line": 29,
              "column": 4
            },
            "end": {
              "line": 31,
              "column": 5
            }
          },
          {
            "start": {},
            "end": {}
          }
        ],
        "line": 29
      },
      "3": {
        "loc": {
          "start": {
            "line": 34,
            "column": 10
          },
          "end": {
            "line": 34,
            "column": 29
          }
        },
        "type": "default-arg",
        "locations": [
          {
            "start": {
              "line": 34,
              "column": 27
            },
            "end": {
              "line": 34,
              "column": 29
            }
          }
        ],
        "line": 34
      },
      "4": {
        "loc": {
          "start": {
            "line": 37,
            "column": 10
          },
          "end": {
            "line": 37,
            "column": 28
          }
        },
        "type": "default-arg",
        "locations": [
          {
            "start": {
              "line": 37,
              "column": 26
            },
            "end": {
              "line": 37,
              "column": 28
            }
          }
        ],
        "line": 37
      },
      "5": {
        "loc": {
          "start": {
            "line": 45,
            "column": 4
          },
          "end": {
            "line": 47,
            "column": 5
          }
        },
        "type": "if",
        "locations": [
          {
            "start": {
              "line": 45,
              "column": 4
            },
            "end": {
              "line": 47,
              "column": 5
            }
          },
          {
            "start": {},
            "end": {}
          }
        ],
        "line": 45
      },
      "6": {
        "loc": {
          "start": {
            "line": 45,
            "column": 8
          },
          "end": {
            "line": 45,
            "column": 52
          }
        },
        "type": "binary-expr",
        "locations": [
          {
            "start": {
              "line": 45,
              "column": 8
            },
            "end": {
              "line": 45,
              "column": 25
            }
          },
          {
            "start": {
              "line": 45,
              "column": 29
            },
            "end": {
              "line": 45,
              "column": 52
            }
          }
        ],
        "line": 45
      },
      "7": {
        "loc": {
          "start": {
            "line": 86,
            "column": 0
          },
          "end": {
            "line": 102,
            "column": 1
          }
        },
        "type": "if",
        "locations": [
          {
            "start": {
              "line": 86,
              "column": 0
            },
            "end": {
              "line": 102,
              "column": 1
            }
          },
          {
            "start": {},
            "end": {}
          }
        ],
        "line": 86
      },
      "8": {
        "loc": {
          "start": {
            "line": 95,
            "column": 6
          },
          "end": {
            "line": 96,
            "column": 15
          }
        },
        "type": "if",
        "locations": [
          {
            "start": {
              "line": 95,
              "column": 6
            },
            "end": {
              "line": 96,
              "column": 15
            }
          },
          {
            "start": {},
            "end": {}
          }
        ],
        "line": 95
      },
      "9": {
        "loc": {
          "start": {
            "line": 98,
            "column": 6
          },
          "end": {
            "line": 99,
            "column": 54
          }
        },
        "type": "if",
        "locations": [
          {
            "start": {
              "line": 98,
              "column": 6
            },
            "end": {
              "line": 99,
              "column": 54
            }
          },
[...]
      ],
      "file": "/Users/alekseykozlovskiy/Projects/React-2023-Q1/my-app-rss/src/pages/formPage/formPage.tsx"
    },
    "_coverageSchema": "1a1c01bbd47fc00a2c39e90264f33305004495a9",
    "hash": "81552710df60cebd312559f259e61f0b5f6c8512"
  },
  "/Users/alekseykozlovskiy/Projects/React-2023-Q1/my-app-rss/src/App.tsx": {
    "path": "/Users/alekseykozlovskiy/Projects/React-2023-Q1/my-app-rss/src/App.tsx",
    "statementMap": {
      "0": {
        "start": {
          "line": 5,
          "column": 0
        },
        "end": {
          "line": 15,
          "column": 1
        }
      },
      "1": {
        "start": {
          "line": 6,
          "column": 2
        },
        "end": {
          "line": 8,
          "column": 3
        }
      },
      "2": {
        "start": {
          "line": 7,
          "column": 4
        },
        "end": {
          "line": 7,
          "column": 165
        }
      },
      "3": {
        "start": {
          "line": 9,
          "column": 2
        },
        "end": {
          "line": 9,
          "column": 39
        }
      },
      "4": {
        "start": {
          "line": 10,
          "column": 2
        },
        "end": {
          "line": 10,
          "column": 39
        }
      },
      "5": {
        "start": {
          "line": 11,
          "column": 2
        },
        "end": {
          "line": 13,
          "column": 4
        }
      },
      "6": {
        "start": {
          "line": 12,
          "column": 4
        },
        "end": {
          "line": 12,
          "column": 114
        }
      },
      "7": {
        "start": {
          "line": 14,
          "column": 2
        },
        "end": {
          "line": 14,
          "column": 75
        }
      },
      "8": {
        "start": {
          "line": 25,
          "column": 15
        },
        "end": {
          "line": 66,
          "column": 8
        }
      },
      "9": {
        "start": {
          "line": 25,
          "column": 37
        },
        "end": {
          "line": 66,
          "column": 8
        }
      },
      "10": {
        "start": {
          "line": 67,
          "column": 0
        },
        "end": {
          "line": 67,
          "column": 12
        }
      },
      "11": {
        "start": {
          "line": 68,
          "column": 19
        },
        "end": {
          "line": 88,
          "column": 8
        }
      },
      "12": {
        "start": {
          "line": 68,
          "column": 41
        },
        "end": {
          "line": 88,
          "column": 8
        }
      },
      "13": {
        "start": {
          "line": 89,
          "column": 0
        },
        "end": {
          "line": 89,
          "column": 10
        }
      },
      "14": {
        "start": {
          "line": 91,
          "column": 0
        },
        "end": {
          "line": 91,
          "column": 27
        }
      },
      "15": {
        "start": {
          "line": 92,
          "column": 0
        },
        "end": {
          "line": 92,
          "column": 25
        }
      },
      "16": {
        "start": {
          "line": 93,
          "column": 0
        },
        "end": {
          "line": 109,
          "column": 1
        }
      },
      "17": {
        "start": {
          "line": 94,
          "column": 2
        },
        "end": {
          "line": 94,
          "column": 39
        }
      },
      "18": {
        "start": {
          "line": 95,
          "column": 2
        },
        "end": {
          "line": 95,
          "column": 39
        }
      },
      "19": {
        "start": {
          "line": 96,
          "column": 2
        },
        "end": {
          "line": 108,
          "column": 5
        }
      },
      "20": {
        "start": {
          "line": 100,
          "column": 4
        },
        "end": {
          "line": 100,
          "column": 140
        }
      },
      "21": {
        "start": {
          "line": 101,
          "column": 4
        },
        "end": {
          "line": 107,
          "column": 7
        }
      },
      "22": {
        "start": {
          "line": 102,
          "column": 6
        },
        "end": {
          "line": 103,
          "column": 15
        }
      },
      "23": {
        "start": {
          "line": 103,
          "column": 8
        },
        "end": {
          "line": 103,
          "column": 15
        }
      },
      "24": {
        "start": {
          "line": 104,
          "column": 32
        },
        "end": {
          "line": 104,
          "column": 115
        }
      },
      "25": {
        "start": {
          "line": 105,
          "column": 6
        },
        "end": {
          "line": 106,
          "column": 54
        }
      },
      "26": {
        "start": {
          "line": 106,
          "column": 8
        },
        "end": {
          "line": 106,
          "column": 54
        }
      }
    },
    "fnMap": {
      "0": {
        "name": "(anonymous_0)",
        "decl": {
          "start": {
            "line": 11,
            "column": 24
          },
          "end": {
            "line": 11,
            "column": 25
          }
        },
        "loc": {
          "start": {
            "line": 11,
            "column": 38
          },
          "end": {
            "line": 13,
            "column": 3
          }
        },
        "line": 11
      },
      "1": {
        "name": "(anonymous_1)",
        "decl": {
          "start": {
            "line": 25,
            "column": 15
          },
          "end": {
            "line": 25,
            "column": 16
          }
        },
        "loc": {
          "start": {
            "line": 25,
            "column": 37
          },
          "end": {
            "line": 66,
            "column": 8
          }
        },
        "line": 25
      },
      "2": {
        "name": "(anonymous_2)",
        "decl": {
          "start": {
            "line": 68,
            "column": 19
          },
          "end": {
            "line": 68,
            "column": 20
          }
        },
        "loc": {
          "start": {
            "line": 68,
            "column": 41
          },
          "end": {
            "line": 88,
            "column": 8
          }
        },
        "line": 68
      },
      "3": {
        "name": "(anonymous_3)",
        "decl": {
          "start": {
            "line": 99,
            "column": 9
          },
          "end": {
            "line": 99,
            "column": 10
          }
        },
        "loc": {
          "start": {
            "line": 99,
            "column": 29
          },
          "end": {
            "line": 108,
            "column": 3
          }
        },
        "line": 99
      },
      "4": {
        "name": "(anonymous_4)",
        "decl": {
          "start": {
            "line": 101,
            "column": 27
          },
          "end": {
            "line": 101,
            "column": 28
          }
        },
        "loc": {
          "start": {
            "line": 101,
            "column": 44
          },
          "end": {
            "line": 107,
            "column": 5
          }
        },
        "line": 101
      }
    },
    "branchMap": {
      "0": {
        "loc": {
          "start": {
            "line": 5,
            "column": 0
          },
          "end": {
            "line": 15,
            "column": 1
          }
        },
        "type": "if",
        "locations": [
          {
            "start": {
              "line": 5,
              "column": 0
            },
            "end": {
              "line": 15,
              "column": 1
            }
          },
          {
            "start": {},
            "end": {}
          }
        ],
        "line": 5
      },
      "1": {
        "loc": {
          "start": {
            "line": 6,
            "column": 2
          },
          "end": {
            "line": 8,
            "column": 3
          }
        },
        "type": "if",
        "locations": [
          {
            "start": {
              "line": 6,
              "column": 2
            },
            "end": {
              "line": 8,
              "column": 3
            }
          },
          {
            "start": {},
            "end": {}
          }
        ],
        "line": 6
      },
      "2": {
        "loc": {
          "start": {
            "line": 93,
            "column": 0
          },
          "end": {
            "line": 109,
            "column": 1
          }
        },
        "type": "if",
        "locations": [
          {
            "start": {
              "line": 93,
              "column": 0
            },
            "end": {
              "line": 109,
              "column": 1
            }
          },
          {
            "start": {},
            "end": {}
          }
        ],
        "line": 93
      },
      "3": {
        "loc": {
          "start": {
            "line": 102,
            "column": 6
          },
          "end": {
            "line": 103,
            "column": 15
          }
        },
        "type": "if",
        "locations": [
          {
            "start": {
              "line": 102,
              "column": 6
            },
            "end": {
              "line": 103,
              "column": 15
            }
          },
          {
            "start": {},
            "end": {}
          }
        ],
        "line": 102
      },
      "4": {
        "loc": {
          "start": {
            "line": 105,
            "column": 6
          },
          "end": {
            "line": 106,
            "column": 54
          }
        },
        "type": "if",
        "locations": [
          {
            "start": {
              "line": 105,
              "column": 6
            },
            "end": {
              "line": 106,
              "column": 54
            }
          },
          {
            "start": {},
            "end": {}
          }
        ],
        "line": 105
      }
    },
    "s": {
      "0": 7,
      "1": 7,
      "2": 0,
      "3": 7,
      "4": 7,
      "5": 7,
      "6": 14,
      "7": 7,
      "8": 7,
      "9": 14,
      "10": 7,
      "11": 7,
      "12": 14,
      "13": 7,
      "14": 7,
      "15": 7,
      "16": 7,
      "17": 7,
      "18": 7,
      "19": 7,
      "20": 7,
      "21": 7,
      "22": 0,
      "23": 0,
      "24": 0,
      "25": 0,
      "26": 0
    },
    "f": {
      "0": 14,
      "1": 14,
      "2": 14,
      "3": 7,
      "4": 0
    },
    "b": {
      "0": [
        7,
        0
      ],
      "1": [
        0,
        7
      ],
      "2": [
        7,
        0
      ],
      "3": [
        0,
        0
      ],
      "4": [
        0,
        0
      ]
    },
    "inputSourceMap": {
      "version": 3,
      "mappings": "AAY0B,SAQxB,UARwB;AAZ1B,OAAO,oBAAY;AAAA;AAAA;AAAA;AAAA;AAAA;AAAA;AAAA;AAAA;AAAA;AAAA;AAAA;AAAA;AAAA;AAAA;AACnB,SAASA,OAAOC,cAAc;AAC9B,SAASC,cAAc;AACvB,SAASC,cAAc;AACvB,SAASC,eAAe;AACxB,SAASC,gBAAgB;AACzB,SAASC,gBAAgB;AACzB,SAASC,gBAAgB;AACzB,SAASC,cAAc;AAEvB,MAAMC,SAASA,MACb,uBAAC,UACC;AAAA,yBAAC,SAAM,OAAK,MAAC,SAAS,uBAAC,cAAD;AAAA;AAAA;AAAA;AAAA,SAAS,KAA/B;AAAA;AAAA;AAAA;AAAA,SAAmC;AAAA,EACnC,uBAAC,SAAM,MAAMD,OAAOE,OAAO,SAAS,uBAAC,aAAD;AAAA;AAAA;AAAA;AAAA,SAAQ,KAA5C;AAAA;AAAA;AAAA;AAAA,SAAgD;AAAA,EAChD,uBAAC,SAAM,MAAMF,OAAOG,MAAM,SAAS,uBAAC,cAAD;AAAA;AAAA;AAAA;AAAA,SAAS,KAA5C;AAAA;AAAA;AAAA;AAAA,SAAgD;AAAA,EAChD,uBAAC,SAAM,MAAK,KAAI,SAAS,uBAAC,cAAD;AAAA;AAAA;AAAA;AAAA,SAAS,KAAlC;AAAA;AAAA;AAAA;AAAA,SAAsC;AAAA,KAJxC;AAAA;AAAA;AAAA;AAAA,OAKA;AACAC,KAPIH;AASC,aAAMI,MAAMA,MACjB,mCACE;AAAA,yBAAC,YAAD;AAAA;AAAA;AAAA;AAAA,SAAO;AAAA,EACP,uBAAC,YAAD;AAAA;AAAA;AAAA;AAAA,SAAO;AAAA,EACP,uBAAC,YAAD;AAAA;AAAA;AAAA;AAAA,SAAO;AAAA,KAHT;AAAA;AAAA;AAAA;AAAA,OAIA;AACAC,MANWD;AAAG;AAAAE;AAAAA",
      "names": [
        "Route",
        "Routes",
        "Header",
        "Footer",
        "AboutUs",
        "MainPage",
        "NotFound",
        "FormPage",
        "ROUTES",
        "Router",
        "ABOUT",
        "FORM",
        "_c",
        "App",
        "_c2",
        "$RefreshReg$"
      ],
      "sources": [
        "/Users/alekseykozlovskiy/Projects/React-2023-Q1/my-app-rss/src/App.tsx"
      ],
      "file": "/Users/alekseykozlovskiy/Projects/React-2023-Q1/my-app-rss/src/App.tsx"
    },
    "_coverageSchema": "1a1c01bbd47fc00a2c39e90264f33305004495a9",
    "hash": "e3500636891b85ab9a9717100291030d56e1f586"
  },
  "/Users/alekseykozlovskiy/Projects/React-2023-Q1/my-app-rss/src/components/store.tsx": {
    "path": "/Users/alekseykozlovskiy/Projects/React-2023-Q1/my-app-rss/src/components/store.tsx",
    "statementMap": {
      "0": {
        "start": {
          "line": 6,
          "column": 21
        },
        "end": {
          "line": 14,
          "column": 2
        }
      },
      "1": {
        "start": {
          "line": 13,
          "column": 40
        },
        "end": {
          "line": 13,
          "column": 93
        }
      }
    },
    "fnMap": {
      "0": {
        "name": "(anonymous_0)",
        "decl": {
          "start": {
            "line": 13,
            "column": 14
          },
          "end": {
            "line": 13,
            "column": 15
          }
        },
        "loc": {
          "start": {
            "line": 13,
            "column": 40
          },
          "end": {
            "line": 13,
            "column": 93
          }
        },
        "line": 13
      }
    },
    "branchMap": {},
    "s": {
      "0": 7,
      "1": 7
    },
    "f": {
      "0": 7
    },
    "b": {},
    "inputSourceMap": {
      "version": 3,
      "mappings": "AAAA,SAASA,sBAAsB;AAC/B,OAAOC,eAAe;AACtB,OAAOC,iBAAiB;AACxB,OAAOC,iBAAiB;AACxB,SAASC,mBAAmB;AAErB,aAAMC,QAAQL,eAAe;AAAA,EAClCM,SAAS;AAAA,IACPC,MAAMN;AAAAA,IACNO,QAAQN;AAAAA,IACRO,QAAQN;AAAAA,IACR,CAACC,YAAYM,WAAW,GAAGN,YAAYE;AAAAA,EACzC;AAAA,EACAK,YAAaC,0BAAyBA,qBAAoB,EAAGC,OAAOT,YAAYO,UAAU;AAC5F,CAAC",
      "names": [
        "configureStore",
        "formSlice",
        "imagesSlice",
        "searchSlice",
        "unsplashApi",
        "store",
        "reducer",
        "form",
        "images",
        "search",
        "reducerPath",
        "middleware",
        "getDefaultMiddleware",
        "concat"
      ],
      "sources": [
        "/Users/alekseykozlovskiy/Projects/React-2023-Q1/my-app-rss/src/components/store.tsx"
      ],
      "file": "/Users/alekseykozlovskiy/Projects/React-2023-Q1/my-app-rss/src/components/store.tsx"
    },
    "_coverageSchema": "1a1c01bbd47fc00a2c39e90264f33305004495a9",
    "hash": "9559c864671fe0ac709039e1aa45040ac22885b5"
  },
  "/Users/alekseykozlovskiy/Projects/React-2023-Q1/my-app-rss/src/index.tsx": {
    "path": "/Users/alekseykozlovskiy/Projects/React-2023-Q1/my-app-rss/src/index.tsx",
    "statementMap": {
      "0": {
        "start": {
          "line": 8,
          "column": 0
        },
        "end": {
          "line": 24,
          "column": 10
        }
      }
    },
    "fnMap": {},
    "branchMap": {},
    "s": {
      "0": 7
    },
    "f": {},
    "b": {},
    "inputSourceMap": {
      "version": 3,
      "mappings": "AAYQ;AAZR,OAAOA,WAAW;AAClB,OAAOC,cAAc;AACrB,SAASC,gBAAgB;AACzB,SAASC,qBAAqB;AAC9B,SAASC,WAAW;AACpB,SAASC,aAAa;AAEtBJ,SAASK,YACPC,SAASC,eAAe,MAAM,GAC9B,uBAAC,MAAM,YAAN,EACC,iCAAC,YAAS,OACR,iCAAC,iBACC,iCAAC,SAAD;AAAA;AAAA;AAAA;AAAA,OAAI,KADN;AAAA;AAAA;AAAA;AAAA,OAEA,KAHF;AAAA;AAAA;AAAA;AAAA,OAIA,KALF;AAAA;AAAA;AAAA;AAAA,OAMA,CAAmB",
      "names": [
        "React",
        "ReactDOM",
        "Provider",
        "BrowserRouter",
        "App",
        "store",
        "hydrateRoot",
        "document",
        "getElementById"
      ],
      "sources": [
        "/Users/alekseykozlovskiy/Projects/React-2023-Q1/my-app-rss/src/index.tsx"
      ],
      "file": "/Users/alekseykozlovskiy/Projects/React-2023-Q1/my-app-rss/src/index.tsx"
    },
    "_coverageSchema": "1a1c01bbd47fc00a2c39e90264f33305004495a9",
    "hash": "e80aff1945cf157290b24ca839a0e4e535f2cdac"
  },
  "/Users/alekseykozlovskiy/Projects/React-2023-Q1/my-app-rss/src/setupTests.ts": {
    "path": "/Users/alekseykozlovskiy/Projects/React-2023-Q1/my-app-rss/src/setupTests.ts",
    "statementMap": {},
    "fnMap": {},
    "branchMap": {},
    "s": {},
    "f": {},
    "b": {}
  },
  "/Users/alekseykozlovskiy/Projects/React-2023-Q1/my-app-rss/src/App.test.tsx": {
    "path": "/Users/alekseykozlovskiy/Projects/React-2023-Q1/my-app-rss/src/App.test.tsx",
    "statementMap": {},
    "fnMap": {},
    "branchMap": {},
    "s": {},
    "f": {},
    "b": {}
  },
  "/Users/alekseykozlovskiy/Projects/React-2023-Q1/my-app-rss/src/entry-server.tsx": {
    "path": "/Users/alekseykozlovskiy/Projects/React-2023-Q1/my-app-rss/src/entry-server.tsx",
    "statementMap": {},
    "fnMap": {},
    "branchMap": {},
    "s": {},
    "f": {},
    "b": {}
  },
  "/Users/alekseykozlovskiy/Projects/React-2023-Q1/my-app-rss/src/components/cardForm/card.test.tsx": {
    "path": "/Users/alekseykozlovskiy/Projects/React-2023-Q1/my-app-rss/src/components/cardForm/card.test.tsx",
    "statementMap": {},
    "fnMap": {},
    "branchMap": {},
    "s": {},
    "f": {},
    "b": {}
  },
  "/Users/alekseykozlovskiy/Projects/React-2023-Q1/my-app-rss/src/components/form/form.test.tsx": {
    "path": "/Users/alekseykozlovskiy/Projects/React-2023-Q1/my-app-rss/src/components/form/form.test.tsx",
    "statementMap": {},
    "fnMap": {},
    "branchMap": {},
    "s": {},
    "f": {},
    "b": {}
  },
  "/Users/alekseykozlovskiy/Projects/React-2023-Q1/my-app-rss/src/components/imagesMain/image.test.tsx": {
    "path": "/Users/alekseykozlovskiy/Projects/React-2023-Q1/my-app-rss/src/components/imagesMain/image.test.tsx",
    "statementMap": {},
    "fnMap": {},
    "branchMap": {},
    "s": {},
    "f": {},
    "b": {}
  },
  "/Users/alekseykozlovskiy/Projects/React-2023-Q1/my-app-rss/src/components/modal/modal.test.tsx": {
    "path": "/Users/alekseykozlovskiy/Projects/React-2023-Q1/my-app-rss/src/components/modal/modal.test.tsx",
    "statementMap": {},
    "fnMap": {},
    "branchMap": {},
    "s": {},
    "f": {},
    "b": {}
  },
  "/Users/alekseykozlovskiy/Projects/React-2023-Q1/my-app-rss/src/components/preloader/preloaderCircle.test.tsx": {
    "path": "/Users/alekseykozlovskiy/Projects/React-2023-Q1/my-app-rss/src/components/preloader/preloaderCircle.test.tsx",
    "statementMap": {},
    "fnMap": {},
    "branchMap": {},
    "s": {},
    "f": {},
    "b": {}
  },
  "/Users/alekseykozlovskiy/Projects/React-2023-Q1/my-app-rss/src/components/router/router.test.tsx": {
    "path": "/Users/alekseykozlovskiy/Projects/React-2023-Q1/my-app-rss/src/components/router/router.test.tsx",
    "statementMap": {},
    "fnMap": {},
    "branchMap": {},
    "s": {},
    "f": {},
    "b": {}
  },
  "/Users/alekseykozlovskiy/Projects/React-2023-Q1/my-app-rss/src/components/searchInput/searchInput.test.tsx": {
    "path": "/Users/alekseykozlovskiy/Projects/React-2023-Q1/my-app-rss/src/components/searchInput/searchInput.test.tsx",
    "statementMap": {},
    "fnMap": {},
    "branchMap": {},
    "s": {},
    "f": {},
    "b": {}
  },
  "/Users/alekseykozlovskiy/Projects/React-2023-Q1/my-app-rss/src/pages/formPage/formPage.test.tsx": {
    "path": "/Users/alekseykozlovskiy/Projects/React-2023-Q1/my-app-rss/src/pages/formPage/formPage.test.tsx",
    "statementMap": {},
    "fnMap": {},
    "branchMap": {},
    "s": {},
    "f": {},
    "b": {}
  },
  "/Users/alekseykozlovskiy/Projects/React-2023-Q1/my-app-rss/src/pages/mainPage/mainPage.test.tsx": {
    "path": "/Users/alekseykozlovskiy/Projects/React-2023-Q1/my-app-rss/src/pages/mainPage/mainPage.test.tsx",
    "statementMap": {},
    "fnMap": {},
    "branchMap": {},
    "s": {},
    "f": {},
    "b": {}
  }
}
